jamie@canonical.com
bryan.quigley@canonical.com
rene@debian.org
martin.pitt@ubuntu.com
bryan.quigley@canonical.com
jonathan.davies@canonical.com
bryan.quigley@canonical.com
rene@debian.org
kees@canonical.com
jamie@canonical.com
intrigeri@boum.org
bryan.quigley@canonical.com
rene@debian.org
jamie@canonical.com
danieru.dressler@gmail.com
Двоичный файл /etc/apt/trusted.gpg.d/ubuntu-keyring-2012-cdimage.gpg совпадает
Двоичный файл /etc/apt/trusted.gpg.d/ubuntu-keyring-2012-archive.gpg совпадает
Двоичный файл /etc/apt/trusted.gpg.d/ubuntu-keyring-2018-archive.gpg совпадает
user@example.com
icons-64x64@2.tar
icons-128x128@2.tar
dave@mielke.cc
samuel.thibault@ens-lyon.org
dave@mielke.cc
dave@mielke.cc
samuel.thibault@ens-lyon.org
dave@mielke.cc
dave@mielke.cc
director@chpi.org
Leon.Ungier@ViewPlus.com
mramadan@nattiq.com
samuel.thibault@ens-lyon.org
dave@mielke.cc
dave@mielke.cc
Leon.Ungier@ViewPlus.com
samuel.thibault@ens-lyon.org
dave@mielke.cc
chlor@schou.dk
dave@mielke.cc
dave@mielke.cc
samuel.thibault@ens-lyon.org
torma.zsolt@infoalap.hu
dave@mielke.cc
dave@mielke.cc
dave@mielke.cc
dave@mielke.cc
Leon.Ungier@ViewPlus.com
samuel.thibault@ens-lyon.org
dave@mielke.cc
dave@mielke.cc
dave@mielke.cc
dave@mielke.cc
dave@mielke.cc
director@chpi.org
Leon.Ungier@ViewPlus.com
mramadan@nattiq.com
samuel.thibault@ens-lyon.org
dave@mielke.cc
samuel.thibault@ens-lyon.org
esperanto-muzeo@wanadoo.fr
dave@mielke.cc
dave@mielke.cc
dave@mielke.cc
director@chpi.org
Leon.Ungier@ViewPlus.com
mramadan@nattiq.com
samuel.thibault@ens-lyon.org
dave@mielke.cc
dave@mielke.cc
director@chpi.org
Leon.Ungier@ViewPlus.com
mramadan@nattiq.com
samuel.thibault@ens-lyon.org
dave@mielke.cc
samuel.thibault@ens-lyon.org
dave@mielke.cc
dave@mielke.cc
dave@mielke.cc
dave@mielke.cc
dave@mielke.cc
samuel.thibault@ens-lyon.org
dave@mielke.cc
director@chpi.org
Leon.Ungier@ViewPlus.com
mramadan@nattiq.com
samuel.thibault@ens-lyon.org
dave@mielke.cc
dave@mielke.cc
dave@mielke.cc
dave@mielke.cc
dave@mielke.cc
dave@mielke.cc
dave@mielke.cc
dave@mielke.cc
dave@mielke.cc
director@chpi.org
Leon.Ungier@ViewPlus.com
mramadan@nattiq.com
samuel.thibault@ens-lyon.org
dave@mielke.cc
dave@mielke.cc
dave@mielke.cc
dave@mielke.cc
dave@mielke.cc
dave@mielke.cc
dave@mielke.cc
dave@mielke.cc
dave@mielke.cc
samuel.thibault@ens-lyon.org
dave@mielke.cc
adikushnir@gmail.com
dave@mielke.cc
dave@mielke.cc
samuel.thibault@ens-lyon.org
dave@mielke.cc
dave@mielke.cc
samuel.thibault@ens-lyon.org
dave@mielke.cc
dave@mielke.cc
dave@mielke.cc
dave@mielke.cc
dave@mielke.cc
dave@mielke.cc
Sebastien.Hinderer@ens-lyon.org
dave@mielke.cc
dave@mielke.cc
dave@mielke.cc
samuel.thibault@ens-lyon.org
dave@mielke.cc
samuel.thibault@ens-lyon.org
dave@mielke.cc
dave@mielke.cc
dave@mielke.cc
dave@mielke.cc
dave@mielke.cc
dave@mielke.cc
dave@mielke.cc
samuel.thibault@ens-lyon.org
dave@mielke.cc
dave@mielke.cc
Sebastien.Hinderer@ens-lyon.org
dave@mielke.cc
dave@mielke.cc
dave@mielke.cc
dave@mielke.cc
dave@mielke.cc
samuel.thibault@ens-lyon.org
birkir@midstod.is
dave@mielke.cc
sable@users.sourceforge.net
samuel.thibault@ens-lyon.org
dave@mielke.cc
dave@mielke.cc
dave@mielke.cc
dave@mielke.cc
Leon.Ungier@ViewPlus.com
eric@integra-belgium.com
samuel.thibault@ens-lyon.org
dave@mielke.cc
samuel.thibault@ens-lyon.org
dave@mielke.cc
dave@mielke.cc
dave@mielke.cc
dave@mielke.cc
Leon.Ungier@ViewPlus.com
samuel.thibault@ens-lyon.org
dave@mielke.cc
dave@mielke.cc
dave@mielke.cc
dave@mielke.cc
dave@mielke.cc
dave@mielke.cc
director@chpi.org
Leon.Ungier@ViewPlus.com
mramadan@nattiq.com
samuel.thibault@ens-lyon.org
dave@mielke.cc
dave@mielke.cc
director@chpi.org
Leon.Ungier@ViewPlus.com
mramadan@nattiq.com
samuel.thibault@ens-lyon.org
dave@mielke.cc
dave@mielke.cc
dave@mielke.cc
dave@mielke.cc
dave@mielke.cc
dave@mielke.cc
dave@mielke.cc
dave@mielke.cc
director@chpi.org
Leon.Ungier@ViewPlus.com
mramadan@nattiq.com
samuel.thibault@ens-lyon.org
dave@mielke.cc
dave@mielke.cc
dave@mielke.cc
dave@mielke.cc
dave@mielke.cc
director@chpi.org
Leon.Ungier@ViewPlus.com
mramadan@nattiq.com
samuel.thibault@ens-lyon.org
dave@mielke.cc
dave@mielke.cc
dave@mielke.cc
dave@mielke.cc
dave@mielke.cc
dave@mielke.cc
dave@mielke.cc
dave@mielke.cc
samuel.thibault@ens-lyon.org
dave@mielke.cc
sable@users.sourceforge.net
samuel.thibault@ens-lyon.org
dave@mielke.cc
mike.sivill@viewplus.com
samuel.thibault@ens-lyon.org
dave@mielke.cc
buchal@brailcom.org
dave@mielke.cc
director@chpi.org
Leon.Ungier@ViewPlus.com
mramadan@nattiq.com
samuel.thibault@ens-lyon.org
dave@mielke.cc
dave@mielke.cc
samuel.thibault@ens-lyon.org
dave@mielke.cc
samuel.thibault@ens-lyon.org
dave@mielke.cc
mlang@delysid.org
dave@mielke.cc
mlang@delysid.org
dave@mielke.cc
samuel.thibault@ens-lyon.org
dave@mielke.cc
samuel.thibault@ens-lyon.org
dave@mielke.cc
dave@mielke.cc
mlang@delysid.org
dave@mielke.cc
coscell@gmail.com
dave@mielke.cc
dave@mielke.cc
samuel.thibault@ens-lyon.org
dave@mielke.cc
nico@fluxnic.net
dave@mielke.cc
samuel.thibault@ens-lyon.org
dave@mielke.cc
samuel.thibault@ens-lyon.org
dave@mielke.cc
dave@mielke.cc
samuel.thibault@ens-lyon.org
dave@mielke.cc
billh@gnome.org
samuel.thibault@ens-lyon.org
dave@mielke.cc
samuel.thibault@ens-lyon.org
dave@mielke.cc
samuel.thibault@ens-lyon.org
dave@mielke.cc
samuel.thibault@ens-lyon.org
dave@mielke.cc
samuel.thibault@ens-lyon.org
dave@mielke.cc
samuel.thibault@ens-lyon.org
dave@mielke.cc
dave@mielke.cc
mick@kulgan.net
dave@mielke.cc
samuel.thibault@ens-lyon.org
dave@mielke.cc
samuel.thibault@ens-lyon.org
dave@mielke.cc
nico@fluxnic.net
dave@mielke.cc
dave@mielke.cc
samuel.thibault@ens-lyon.org
dave@mielke.cc
samuel.thibault@ens-lyon.org
dave@mielke.cc
samuel.thibault@ens-lyon.org
dave@mielke.cc
director@chpi.org
dave@mielke.cc
dave@mielke.cc
dave@mielke.cc
dave@mielke.cc
dave@mielke.cc
dave@mielke.cc
dave@mielke.cc
dave@mielke.cc
dave@mielke.cc
dave@mielke.cc
dave@mielke.cc
dave@mielke.cc
dave@mielke.cc
dave@mielke.cc
dave@mielke.cc
dave@mielke.cc
dave@mielke.cc
dave@mielke.cc
dave@mielke.cc
dave@mielke.cc
dave@mielke.cc
dave@mielke.cc
dave@mielke.cc
dave@mielke.cc
dave@mielke.cc
dave@mielke.cc
dave@mielke.cc
dave@mielke.cc
dave@mielke.cc
dave@mielke.cc
dave@mielke.cc
dave@mielke.cc
dave@mielke.cc
dave@mielke.cc
dave@mielke.cc
dave@mielke.cc
dave@mielke.cc
dave@mielke.cc
dave@mielke.cc
dave@mielke.cc
dave@mielke.cc
dave@mielke.cc
dave@mielke.cc
dave@mielke.cc
dave@mielke.cc
dave@mielke.cc
dave@mielke.cc
dave@mielke.cc
dave@mielke.cc
dave@mielke.cc
dave@mielke.cc
dave@mielke.cc
dave@mielke.cc
dave@mielke.cc
dave@mielke.cc
dave@mielke.cc
dave@mielke.cc
dave@mielke.cc
dave@mielke.cc
dave@mielke.cc
dave@mielke.cc
dave@mielke.cc
dave@mielke.cc
dave@mielke.cc
dave@mielke.cc
dave@mielke.cc
dave@mielke.cc
dave@mielke.cc
dave@mielke.cc
dave@mielke.cc
dave@mielke.cc
dave@mielke.cc
dave@mielke.cc
dave@mielke.cc
dave@mielke.cc
dave@mielke.cc
dave@mielke.cc
dave@mielke.cc
dave@mielke.cc
dave@mielke.cc
dave@mielke.cc
dave@mielke.cc
yan@mistigri.org
dave@mielke.cc
dave@mielke.cc
dave@mielke.cc
dave@mielke.cc
dave@mielke.cc
dave@mielke.cc
dave@mielke.cc
dave@mielke.cc
dave@mielke.cc
dave@mielke.cc
dave@mielke.cc
dave@mielke.cc
dave@mielke.cc
dave@mielke.cc
dave@mielke.cc
dave@mielke.cc
dave@mielke.cc
dave@mielke.cc
dave@mielke.cc
dave@mielke.cc
dave@mielke.cc
dave@mielke.cc
dave@mielke.cc
dave@mielke.cc
dave@mielke.cc
dave@mielke.cc
dave@mielke.cc
dave@mielke.cc
dave@mielke.cc
dave@mielke.cc
dave@mielke.cc
dave@mielke.cc
dave@mielke.cc
dave@mielke.cc
dave@mielke.cc
dave@mielke.cc
dave@mielke.cc
dave@mielke.cc
dave@mielke.cc
dave@mielke.cc
dave@mielke.cc
dave@mielke.cc
dave@mielke.cc
dave@mielke.cc
dave@mielke.cc
dave@mielke.cc
dave@mielke.cc
dave@mielke.cc
dave@mielke.cc
dave@mielke.cc
dave@mielke.cc
dave@mielke.cc
dave@mielke.cc
dave@mielke.cc
dave@mielke.cc
dave@mielke.cc
dave@mielke.cc
dave@mielke.cc
dave@mielke.cc
dave@mielke.cc
dave@mielke.cc
dave@mielke.cc
dave@mielke.cc
dave@mielke.cc
dave@mielke.cc
dave@mielke.cc
dave@mielke.cc
dave@mielke.cc
dave@mielke.cc
dave@mielke.cc
dave@mielke.cc
dave@mielke.cc
dave@mielke.cc
dave@mielke.cc
dave@mielke.cc
dave@mielke.cc
dave@mielke.cc
dave@mielke.cc
dave@mielke.cc
dave@mielke.cc
dave@mielke.cc
dave@mielke.cc
dave@mielke.cc
dave@mielke.cc
dave@mielke.cc
dave@mielke.cc
dave@mielke.cc
dave@mielke.cc
dave@mielke.cc
dave@mielke.cc
dave@mielke.cc
dave@mielke.cc
dave@mielke.cc
dave@mielke.cc
dave@mielke.cc
dave@mielke.cc
dave@mielke.cc
dave@mielke.cc
dave@mielke.cc
dave@mielke.cc
dave@mielke.cc
dave@mielke.cc
dave@mielke.cc
dave@mielke.cc
dave@mielke.cc
dave@mielke.cc
dave@mielke.cc
dave@mielke.cc
dave@mielke.cc
dave@mielke.cc
dave@mielke.cc
dave@mielke.cc
dave@mielke.cc
dave@mielke.cc
dave@mielke.cc
dave@mielke.cc
dave@mielke.cc
dave@mielke.cc
dave@mielke.cc
dave@mielke.cc
dave@mielke.cc
dave@mielke.cc
dave@mielke.cc
dave@mielke.cc
dave@mielke.cc
dave@mielke.cc
dave@mielke.cc
dave@mielke.cc
dave@mielke.cc
dave@mielke.cc
dave@mielke.cc
dave@mielke.cc
dave@mielke.cc
dave@mielke.cc
dave@mielke.cc
jplejacq@quoininc.com
martin@piware.de
and1000@debian.org
Frederic.Lepied@sugix.frmug.org
Frederic.Lepied@sugix.frmug.org
eichin@kitten.gen.ma.us
rafael@debian.org
agmartin@debian.org
license@farsiweb.info
gunnarhj@ubuntu.com
kurtz.alex@googlemail.com
biebl@debian.org
debian-printing@lists.debian.org
tytso@mit.edu
miquels@cistron.nl
imurdock@gnu.ai.mit.edu
miquels@cistron.nl
miquels@cistron.nl
hmh@rcm.org.br
rleigh@debian.org
walters@debian.org
sjoerd@debian.org
ejad@debian.org
filippo@debian.org
mario_limonciello@dell.com
iwamatsu@debian.org
bigon@debian.org
Elrond@Wunder-Nett.org
rob@mars.org
agi@inittab.org
mueller@teamix.net
rmurray@debian.org
steve.beattie@canonical.com
kees@ubuntu.com
hmh@debian.org
frank@debian.org
jmknoble@mercury.interpath.net
alvar@meiko.co.uk
clameter@debian.org
Sergio.Gelato@astro.su.se
gunnarhj@ubuntu.com
shaunm@gnome.org
pdewacht@gmail.com
jon@jon.demon.co.uk
mike@piratehaven.org
jtang@tresys.com
ajt@debian.org
speechd@freebsoft.org
umac-64@openssh.com
Двоичный файл /etc/ssl/certs/java/cacerts совпадает
kirkland@canonical.com
kirkland@canonical.com
kirkland@canonical.com
brian@canonical.com
username@site.domain
pkg-wpa-devel@lists.alioth.debian.org
pkg-wpa-devel@lists.alioth.debian.org
kel@otaku42.de
debian-x@lists.debian.org
osamu@debian.org
aron@debian.org
jwz@jwz.org
jwz@jwz.org
